Initialize engine version: 5.6.0f3 (497a0f351392)
GfxDevice: creating device client; threaded=1
Direct3D:
    Version:  Direct3D 11.0 [level 11.0]
    Renderer: NVIDIA GeForce GTX 960M (ID=0x139b)
    Vendor:   NVIDIA
    VRAM:     3072 MB
    Driver:   22.21.13.8569
Begin MonoManager ReloadAssembly
Platform assembly: C:\Users\toma9\Desktop\Recipe Spawn Entities at Runtime\StarterProject-master\workers\unity\build\worker\UnityClient@Windows\UnityClient@Windows_Data\Managed\UnityEngine.dll (this message is harmless)
Loading C:\Users\toma9\Desktop\Recipe Spawn Entities at Runtime\StarterProject-master\workers\unity\build\worker\UnityClient@Windows\UnityClient@Windows_Data\Managed\UnityEngine.dll into Unity Child Domain
Platform assembly: C:\Users\toma9\Desktop\Recipe Spawn Entities at Runtime\StarterProject-master\workers\unity\build\worker\UnityClient@Windows\UnityClient@Windows_Data\Managed\Assembly-CSharp-firstpass.dll (this message is harmless)
Loading C:\Users\toma9\Desktop\Recipe Spawn Entities at Runtime\StarterProject-master\workers\unity\build\worker\UnityClient@Windows\UnityClient@Windows_Data\Managed\Assembly-CSharp-firstpass.dll into Unity Child Domain
Platform assembly: C:\Users\toma9\Desktop\Recipe Spawn Entities at Runtime\StarterProject-master\workers\unity\build\worker\UnityClient@Windows\UnityClient@Windows_Data\Managed\Assembly-CSharp.dll (this message is harmless)
Loading C:\Users\toma9\Desktop\Recipe Spawn Entities at Runtime\StarterProject-master\workers\unity\build\worker\UnityClient@Windows\UnityClient@Windows_Data\Managed\Assembly-CSharp.dll into Unity Child Domain
Platform assembly: C:\Users\toma9\Desktop\Recipe Spawn Entities at Runtime\StarterProject-master\workers\unity\build\worker\UnityClient@Windows\UnityClient@Windows_Data\Managed\UnityEngine.UI.dll (this message is harmless)
Loading C:\Users\toma9\Desktop\Recipe Spawn Entities at Runtime\StarterProject-master\workers\unity\build\worker\UnityClient@Windows\UnityClient@Windows_Data\Managed\UnityEngine.UI.dll into Unity Child Domain
Platform assembly: C:\Users\toma9\Desktop\Recipe Spawn Entities at Runtime\StarterProject-master\workers\unity\build\worker\UnityClient@Windows\UnityClient@Windows_Data\Managed\UnityEngine.Networking.dll (this message is harmless)
Loading C:\Users\toma9\Desktop\Recipe Spawn Entities at Runtime\StarterProject-master\workers\unity\build\worker\UnityClient@Windows\UnityClient@Windows_Data\Managed\UnityEngine.Networking.dll into Unity Child Domain
Platform assembly: C:\Users\toma9\Desktop\Recipe Spawn Entities at Runtime\StarterProject-master\workers\unity\build\worker\UnityClient@Windows\UnityClient@Windows_Data\Managed\Generated.Code.dll (this message is harmless)
Loading C:\Users\toma9\Desktop\Recipe Spawn Entities at Runtime\StarterProject-master\workers\unity\build\worker\UnityClient@Windows\UnityClient@Windows_Data\Managed\Generated.Code.dll into Unity Child Domain
Platform assembly: C:\Users\toma9\Desktop\Recipe Spawn Entities at Runtime\StarterProject-master\workers\unity\build\worker\UnityClient@Windows\UnityClient@Windows_Data\Managed\Improbable.WorkerSdkCsharp.dll (this message is harmless)
Loading C:\Users\toma9\Desktop\Recipe Spawn Entities at Runtime\StarterProject-master\workers\unity\build\worker\UnityClient@Windows\UnityClient@Windows_Data\Managed\Improbable.WorkerSdkCsharp.dll into Unity Child Domain
Platform assembly: C:\Users\toma9\Desktop\Recipe Spawn Entities at Runtime\StarterProject-master\workers\unity\build\worker\UnityClient@Windows\UnityClient@Windows_Data\Managed\Improbable.WorkerSdkCsharp.Framework.dll (this message is harmless)
Loading C:\Users\toma9\Desktop\Recipe Spawn Entities at Runtime\StarterProject-master\workers\unity\build\worker\UnityClient@Windows\UnityClient@Windows_Data\Managed\Improbable.WorkerSdkCsharp.Framework.dll into Unity Child Domain
Platform assembly: C:\Users\toma9\Desktop\Recipe Spawn Entities at Runtime\StarterProject-master\workers\unity\build\worker\UnityClient@Windows\UnityClient@Windows_Data\Managed\System.Threading.dll (this message is harmless)
Loading C:\Users\toma9\Desktop\Recipe Spawn Entities at Runtime\StarterProject-master\workers\unity\build\worker\UnityClient@Windows\UnityClient@Windows_Data\Managed\System.Threading.dll into Unity Child Domain
Platform assembly: C:\Users\toma9\Desktop\Recipe Spawn Entities at Runtime\StarterProject-master\workers\unity\build\worker\UnityClient@Windows\UnityClient@Windows_Data\Managed\Improbable.UnityDll.dll (this message is harmless)
Loading C:\Users\toma9\Desktop\Recipe Spawn Entities at Runtime\StarterProject-master\workers\unity\build\worker\UnityClient@Windows\UnityClient@Windows_Data\Managed\Improbable.UnityDll.dll into Unity Child Domain
- Completed reload, in  0.026 seconds
Platform assembly: C:\Users\toma9\Desktop\Recipe Spawn Entities at Runtime\StarterProject-master\workers\unity\build\worker\UnityClient@Windows\UnityClient@Windows_Data\Managed\System.Core.dll (this message is harmless)
Platform assembly: C:\Users\toma9\Desktop\Recipe Spawn Entities at Runtime\StarterProject-master\workers\unity\build\worker\UnityClient@Windows\UnityClient@Windows_Data\Managed\System.dll (this message is harmless)
desktop: 1920x1080 60Hz; virtual: 1920x1080 at 0,0
<RI> Initializing input.
<RI> Input initialized.
<RI> Initialized touch support.
UnloadTime: 22.531958 ms
Command line build/worker/UnityClient@Windows/UnityClient@Windows.exe +assemblyName local_assembly +workerType UnityClient +infraServicesUrl http://127.0.0.1:21000 +projectName your_project_name_here -logfile external-default-unityclient.log
 
(Filename: C:/buildslave/unity/build/artifacts/generated/common/runtime/DebugBindings.gen.cpp Line: 51)

WorkerConfiguration settings
AppName = 
ProjectName = your_project_name_here
AssemblyName = local_assembly
DeploymentId = 
DeploymentTag = prod
EngineId = UnityClient73ef8944-1946-4538-9e77-aafa2bf44da9
EnginePlatform = UnityClient
WorkerId = UnityClient73ef8944-1946-4538-9e77-aafa2bf44da9
WorkerPlatform = UnityClient
EntityCreationLimitPerFrame = 100
InfraServiceUrl = http://127.0.0.1:21000
LocatorHost = locator.improbable.io
ReceptionistHost = 127.0.0.1
ReceptionistPort = 7777
LinkProtocol = RakNet
LoginToken = 
ProtocolLoggingOnStartup = False
ProtocolLogPrefix = protocol-
ProtocolLogMaxFileBytes = 104857600
RaknetHeartbeatTimeoutMillis = 60000
ReceiveQueueCapacity = 32768
SendQueueCapacity = 16384
ShowDebugTraces = False
SteamToken = 
TcpMultiplexLevel = 32
UseInstrumentation = True
UsePerInstanceAssetCache = True
UsePrefabPooling = False
LogDebugToSpatialOs = False
LogAssertToSpatialOs = False
LogWarningToSpatialOs = True
LogErrorToSpatialOs = True
LogExceptionToSpatialOs = True

 
(Filename: C:/buildslave/unity/build/artifacts/generated/common/runtime/DebugBindings.gen.cpp Line: 51)

ClientMetrics OS=Windows 10  (10.0.0) 64bit.
Processor: type Intel(R) Core(TM) i7-6700HQ CPU @ 2.60GHz, cores 8.
Graphics: id 5019, vendor 4318, name NVIDIA GeForce GTX 960M, size 3072.
Memory: 8081.
 
(Filename: C:/buildslave/unity/build/artifacts/generated/common/runtime/DebugBindings.gen.cpp Line: 51)

Platform assembly: C:\Users\toma9\Desktop\Recipe Spawn Entities at Runtime\StarterProject-master\workers\unity\build\worker\UnityClient@Windows\UnityClient@Windows_Data\Managed\Mono.Security.dll (this message is harmless)
Platform assembly: C:\Users\toma9\Desktop\Recipe Spawn Entities at Runtime\StarterProject-master\workers\unity\build\worker\UnityClient@Windows\UnityClient@Windows_Data\Managed\System.Configuration.dll (this message is harmless)
Platform assembly: C:\Users\toma9\Desktop\Recipe Spawn Entities at Runtime\StarterProject-master\workers\unity\build\worker\UnityClient@Windows\UnityClient@Windows_Data\Managed\System.Xml.dll (this message is harmless)
Setting up 4 worker threads for Enlighten.
  Thread -> id: 7d0 -> priority: 1 
  Thread -> id: 11ac -> priority: 1 
  Thread -> id: 1b08 -> priority: 1 
  Thread -> id: 1450 -> priority: 1 
