2017-11-17 11:59:29,688 INFO  [i.deployment.InternalGameLauncher] [] [] [] : Parsed 362 internal flags at startup
2017-11-17 11:59:29,860 INFO  [i.deployment.InternalGameLauncher] [] [] [] : SpatialOS runtime version: 11-20171114T103507Z-cc9d195
2017-11-17 11:59:30,035 INFO  [i.c.c.f.FlagzFieldRegistryUpdater] [] [] [] : Initialized Fabric flagz registry with 11 set fields.
2017-11-17 11:59:31,126 INFO  [i.core.discovery.server.LocalServer] [] [] [] : Registered Service(improbable.fabric.internal.service.StatusDiscoveryInternalService) on 127.0.0.1:5301.
2017-11-17 11:59:31,127 INFO  [i.c.discovery.ServiceDiscoveryImpl] [] [] [] : Status discovery address: host: "127.0.0.1"
port: 5301

2017-11-17 11:59:31,131 INFO  [improbable.module.ModuleNode] [] [] [] : Starting Fabric node as master (IP: 127.0.0.1).
2017-11-17 11:59:31,132 INFO  [i.c.d.client.CheckpointDiscoveryImpl] [] [] [] : Reached a checkpoint: ALL_NODES_STARTED
2017-11-17 11:59:31,133 INFO  [improbable.module.ModuleNode] [] [] [] : Node master has started, waiting for other nodes to reach the same checkpoint.
2017-11-17 11:59:31,133 INFO  [improbable.module.ModuleNode] [] [] [] : All nodes have been started.
2017-11-17 11:59:31,139 INFO  [i.core.discovery.server.PublicServer] [] [] [] : Registered Service(improbable.platform.runtime.ModuleService) on 127.0.0.1:9000.
2017-11-17 11:59:31,146 INFO  [i.core.discovery.server.PublicServer] [] [] [] : Registered Service(improbable.platform.runtime.HealthCheckService) on 127.0.0.1:9001.
2017-11-17 11:59:31,152 INFO  [i.core.discovery.server.LocalServer] [] [] [] : Registered Service(improbable.fabric.internal.service.PerfInternalService) on 127.0.0.1:9002.
2017-11-17 11:59:31,159 INFO  [i.core.discovery.server.LocalServer] [] [] [] : Registered Service(improbable.fabric.internal.service.ContentionInternalService) on 127.0.0.1:9003.
2017-11-17 11:59:31,175 INFO  [i.core.discovery.server.PublicServer] [] [] [] : Registered Service(improbable.platform.runtime.FeatureService) on 127.0.0.1:9004.
2017-11-17 11:59:31,193 INFO  [i.c.config.flagz.WorkerFlagzUpdater] [] [] [] : Initialized worker flagz registry with 0 set fields.
2017-11-17 11:59:31,193 INFO  [improbable.module.ModuleNode] [] [] [] : Using master node configuration loader.
2017-11-17 11:59:31,203 INFO  [i.core.discovery.server.LocalServer] [] [] [] : Registered Service(improbable.fabric.internal.service.NodeConfigurationInternalService) on 127.0.0.1:9005.
2017-11-17 11:59:31,219 INFO  [i.c.c.n.MasterNodeConfigurationLoader] [] [] [] : Using roles [MASTER, GSIM, BRIDGE, WORKER_RUNNER, INSPECTION] for node node_id {
  deployment_id {
    project_id {
      name: "your_project_name_here"
    }
    name: "local"
  }
  name: "master"
}
private_ip: "127.0.0.1"
roles: MASTER
roles: GSIM
roles: BRIDGE
roles: WORKER_RUNNER
roles: INSPECTION

2017-11-17 11:59:31,233 INFO  [improbable.core.config.node.GsimGrid] [] [] [] : Created gsim grid configuration of size (1500, 1500) with 1 columns and 1 rows, using gsims of (30, 30) chunks.
2017-11-17 11:59:31,249 INFO  [i.c.c.n.MasterNodeConfigurationLoader] [] [] [] : Original deployment module configuration (before parsing): {deployment_id {
  project_id {
    name: "your_project_name_here"
  }
  name: "local"
}
name: "master"
=[ProfilingModule, BridgeModuleOracleModule, BridgeOracleModule, PersistenceModule, ReceptionistModule, RouterModule, GSimModule, BridgeModule, EngineStartupModule, InspectionRestModule]}
2017-11-17 11:59:31,265 INFO  [i.c.c.n.MasterNodeConfigurationLoader] [] [] [] : Master successfully loaded configurations for 1 node(s).
2017-11-17 11:59:31,270 INFO  [improbable.module.ModuleNode] [] [] [] : Loaded node configuration: node_id {
  deployment_id {
    project_id {
      name: "your_project_name_here"
    }
    name: "local"
  }
  name: "master"
}
gsim_configurations {
  extent {
    bottom_left {
      x_in_chunks: -15
      z_in_chunks: -15
    }
    top_right {
      x_in_chunks: 15
      z_in_chunks: 15
    }
  }
}
start_router: true
start_bridge_oracle: true
start_bridge_module_oracle: true
start_engine_startup_module: true
start_receptionist_service: true
start_inspection_rest_module: true
start_snapshot_service: true
start_profiling_module: true
bridge_modules: "BridgeModule"
gsim_modules: "GSimModule"

2017-11-17 11:59:31,270 INFO  [improbable.module.ModuleNode] [] [] [] : Using master world extents provider.
2017-11-17 11:59:31,286 INFO  [i.core.discovery.server.LocalServer] [] [] [] : Registered Service(improbable.fabric.internal.service.WorldExtentsInternalService) on 127.0.0.1:9006.
2017-11-17 11:59:31,287 INFO  [i.c.world.MasterWorldExtentsProvider] [] [] [] : Successfully initialized world extents with 1 rectangle(s).
2017-11-17 11:59:31,290 INFO  [improbable.module.ModuleNode] [] [] [] : Loaded world extents: WorldExtents{proto=rectangles {
  bottom_left {
    x: -750.0
    z: -750.0
  }
  top_right {
    x: 750.0
    z: 750.0
  }
  is_fully_simulated: true
  responsible_gsim_id {
  }
}
bounding_rectangle {
  bottom_left {
    x: -750.0
    z: -750.0
  }
  top_right {
    x: 750.0
    z: 750.0
  }
  is_fully_simulated: true
}
}
2017-11-17 11:59:31,401 INFO  [i.e.schema.ParsedFileDescriptorSet] [] [] [] : Parsed file descriptors of 12 proto files.
2017-11-17 11:59:31,431 INFO  [i.entity.schema.SchemaFactory] [] [] [] : Found components: [improbable.EntityAcl, improbable.Metadata, improbable.Position, improbable.Persistence, improbable.core.Rotation, improbable.player.ClientConnection, improbable.core.PlayerCreation, improbable.core.ClientEntityStore, improbable.player.CubeSpawner, improbable.core.ClientAuthorityCheck]
2017-11-17 11:59:31,438 INFO  [i.entity.schema.SchemaFactory] [] [] [] : Found components: [improbable.EntityAcl, improbable.Metadata, improbable.Position, improbable.Persistence, improbable.core.Rotation, improbable.player.ClientConnection, improbable.internal.EntityAuthority, improbable.core.ClientAuthorityCheck, improbable.core.PlayerCreation, improbable.player.CubeSpawner, improbable.core.ClientEntityStore]
2017-11-17 11:59:31,439 INFO  [improbable.module.ModuleNode] [] [] [] : Successfully loaded schema for entities
2017-11-17 11:59:31,440 INFO  [improbable.module.ModuleNode] [] [] [] : Validating snapshot at startup and determining max entity id
2017-11-17 11:59:31,450 INFO  [i.p.s.storage.LegacySnapshotStorage] [] [] [] : Requesting download URL for Snapshot(local@latest) matching []
2017-11-17 11:59:31,467 INFO  [i.p.s.storage.LegacySnapshotStorage] [] [] [] : Downloading snapshot from http://127.0.0.1:21000/snapshots/20171117115922509
2017-11-17 11:59:31,492 INFO  [improbable.module.ModuleNode] [] [] [] : Determined the first entity id for the id assigner as 3
2017-11-17 11:59:31,495 INFO  [i.core.discovery.server.LocalServer] [] [] [] : Registered Service(improbable.fabric.internal.service.EntityIdInternalService) on 127.0.0.1:9007.
2017-11-17 11:59:31,529 INFO  [i.core.discovery.server.LocalServer] [] [] [] : Registered Service(improbable.fabric.internal.service.WorkerPrestartRegistryInternalService) on 127.0.0.1:9008.
2017-11-17 11:59:31,536 INFO  [i.core.discovery.server.LocalServer] [] [] [] : Registered Service(improbable.fabric.internal.service.RouterLookupInternalService) on 127.0.0.1:9009.
2017-11-17 11:59:31,542 INFO  [i.module.router.ActorSystemFactory$] [] [] [] : Attempting to create ActorSystem akkaFabric with configRecord akkaFabric
2017-11-17 11:59:31,631 INFO  [i.c.d.g.GlobalCheckpointDiscoveryImpl] [] [] [] : Global checkpoint discovery refreshed checkpoints.
2017-11-17 11:59:31,632 INFO  [i.c.d.g.GlobalServiceDiscoveryImpl] [] [] [] : Global service discovery refreshed 11 server(s) (previously: 0)
2017-11-17 11:59:31,816 INFO  [akka.event.slf4j.Slf4jLogger] [] [] [] : Slf4jLogger started
2017-11-17 11:59:32,922 INFO  [i.l.params.LoadbalancerParamsFactory] [] [] [] : Parsed 1 worker loadbalancing configuration(s)
2017-11-17 11:59:32,926 INFO  [i.l.params.LoadbalancerParamsFactory] [] [] [] : Successfully loaded loadbalancing configurations: {UnityWorker=improbable.loadbalancing.params.AutoHexGridLoadbalancerParams@76968f03}
2017-11-17 11:59:32,999 INFO  [i.w.a.WorkerAssemblyProviderFactory] [] [] [] : Loaded worker assemblies for these workers types: UnityClient, UnityWorker.
2017-11-17 11:59:33,001 INFO  [improbable.module.ModuleNode] [] [] [] : Loaded worker assemblies: [worker_assembly_id {
  assembly_id {
    project_id {
      name: "your_project_name_here"
    }
    name: "local_assembly"
  }
  name {
    name: "UnityClient"
  }
}
bridge_configuration {
  worker_attribute_set {
    attribute {
      name: "visual"
    }
  }
  entity_interest {
    range_entity_interest {
      radius: 200.0
    }
  }
  component_delivery {
    checkout_all_initially: true
    override {
      key: "improbable.core.ClientEntityStore"
      value {
      }
    }
  }
}
, worker_assembly_id {
  assembly_id {
    project_id {
      name: "your_project_name_here"
    }
    name: "local_assembly"
  }
  name {
    name: "UnityWorker"
  }
}
worker_launch_configuration {
  platform: WINDOWS
  worker_zip {
    command: "UnityWorker@Windows.exe"
    argument: "+projectName"
    argument: "${IMPROBABLE_PROJECT_NAME}"
    argument: "+receptionistIp"
    argument: "${IMPROBABLE_RECEPTIONIST_HOST}"
    argument: "+receptionistPort"
    argument: "${IMPROBABLE_RECEPTIONIST_PORT}"
    argument: "+workerType"
    argument: "${IMPROBABLE_WORKER_NAME}"
    argument: "+workerId"
    argument: "${IMPROBABLE_WORKER_ID}"
    argument: "+useInternalIpForBridge"
    argument: "true"
    argument: "+infraServicesUrl"
    argument: "${IMPROBABLE_API_URL}"
    argument: "+assemblyName"
    argument: "${IMPROBABLE_ASSEMBLY_NAME}"
    argument: "+linkProtocol"
    argument: "RakNet"
    argument: "-logfile"
    argument: "${IMPROBABLE_LOG_FILE}"
    argument: "-batchmode"
    argument: "-nographics"
    worker_location {
      filename: "UnityWorker@Windows.zip"
    }
  }
}
worker_launch_configuration {
  platform: MACOS
  worker_zip {
    command: "UnityWorker@Mac.app/Contents/MacOS/UnityWorker@Mac"
    argument: "+projectName"
    argument: "${IMPROBABLE_PROJECT_NAME}"
    argument: "+receptionistIp"
    argument: "${IMPROBABLE_RECEPTIONIST_HOST}"
    argument: "+receptionistPort"
    argument: "${IMPROBABLE_RECEPTIONIST_PORT}"
    argument: "+workerType"
    argument: "${IMPROBABLE_WORKER_NAME}"
    argument: "+workerId"
    argument: "${IMPROBABLE_WORKER_ID}"
    argument: "+useInternalIpForBridge"
    argument: "true"
    argument: "+infraServicesUrl"
    argument: "${IMPROBABLE_API_URL}"
    argument: "+assemblyName"
    argument: "${IMPROBABLE_ASSEMBLY_NAME}"
    argument: "+linkProtocol"
    argument: "RakNet"
    argument: "-logfile"
    argument: "${IMPROBABLE_LOG_FILE}"
    argument: "-batchmode"
    argument: "-nographics"
    worker_location {
      filename: "UnityWorker@Mac.zip"
    }
  }
}
worker_launch_configuration {
  platform: LINUX
  worker_zip {
    command: "UnityWorker@Linux"
    argument: "+projectName"
    argument: "${IMPROBABLE_PROJECT_NAME}"
    argument: "+receptionistIp"
    argument: "${IMPROBABLE_RECEPTIONIST_HOST}"
    argument: "+receptionistPort"
    argument: "${IMPROBABLE_RECEPTIONIST_PORT}"
    argument: "+workerType"
    argument: "${IMPROBABLE_WORKER_NAME}"
    argument: "+workerId"
    argument: "${IMPROBABLE_WORKER_ID}"
    argument: "+useInternalIpForBridge"
    argument: "true"
    argument: "+infraServicesUrl"
    argument: "${IMPROBABLE_API_URL}"
    argument: "+assemblyName"
    argument: "${IMPROBABLE_ASSEMBLY_NAME}"
    argument: "+linkProtocol"
    argument: "RakNet"
    argument: "-logfile"
    argument: "${IMPROBABLE_LOG_FILE}"
    argument: "-batchmode"
    argument: "-nographics"
    worker_location {
      filename: "UnityWorker@Linux.zip"
    }
  }
}
bridge_configuration {
  worker_attribute_set {
    attribute {
      name: "physics"
    }
  }
  entity_interest {
    range_entity_interest {
      radius: 200.0
    }
  }
  component_delivery {
    checkout_all_initially: true
  }
}
]
2017-11-17 11:59:33,004 INFO  [i.w.assembly.WorkerAssemblyProvider] [] [] [] : Worker configuration for 'UnityClient' does not contain a launch configuration for the current platform 'WINDOWS', so Fabric will not start any managed workers of this type
2017-11-17 11:59:33,005 INFO  [i.w.assembly.WorkerAssemblyProvider] [] [] [] : The following worker configurations do not contain valid managed launch configurations for the current platform WINDOWS, and the runtime will be unable to launch managed workers of this type: [UnityClient]. This is expected for worker types you intend to only connect manually.
2017-11-17 11:59:33,007 INFO  [i.w.permissions.PermissionsFactory] [] [] [] : Created permissions manager with permissions: {UnityWorker=Permissions{{/sys/CreateEntity=, /sys/DeleteEntity=, /sys/EntityQuery={"component":["*"]}}}, UnityClient=Permissions{{/sys/EntityQuery={"component":[]}}}}
2017-11-17 11:59:34,322 INFO  [improbable.module.ModuleNode] [] [] [] : Starting router on master
2017-11-17 11:59:34,327 INFO  [i.core.discovery.server.LocalServer] [] [] [] : Registered Service(improbable.fabric.internal.service.RouterInternalService) on 127.0.0.1:9010.
2017-11-17 11:59:34,327 INFO  [i.c.m.r.RouterInternalServiceImpl] [] [] [] : Attempting to register RouterInternalServiceImpl with RouterLookupInternalService.
2017-11-17 11:59:34,335 INFO  [i.c.m.r.l.RouterLookupInternalServiceImpl] [] [] [] : 1/1 router modules started
2017-11-17 11:59:34,336 INFO  [i.c.m.r.RouterInternalServiceImpl] [] [] [] : Registered RouterInternalServiceImpl with RouterLookupInternalService.
2017-11-17 11:59:34,337 INFO  [improbable.module.ModuleNode] [] [] [] : Attempting to get addresses of all RouterModules from master node
2017-11-17 11:59:34,345 INFO  [improbable.module.ModuleNode] [] [] [] : Got all RouterModules from master node
2017-11-17 11:59:34,356 INFO  [i.core.discovery.server.LocalServer] [] [] [] : Registered Service(improbable.fabric.internal.service.RemoteMessageInternalService) on 127.0.0.1:9011.
2017-11-17 11:59:34,366 INFO  [i.core.discovery.server.LocalServer] [] [] [] : Registered Service(improbable.fabric.internal.service.LocalBrokerInternalService) on 127.0.0.1:9012.
2017-11-17 11:59:34,369 INFO  [improbable.module.ModuleNode] [] [] [] : Waiting for all router modules in the deployment to have started
2017-11-17 11:59:34,372 INFO  [improbable.module.ModuleNode] [] [] [] : All router modules in the deployment started
2017-11-17 11:59:34,421 INFO  [org.eclipse.jetty.server.Server] [] [] [] : jetty-8.y.z-SNAPSHOT
2017-11-17 11:59:34,441 INFO  [o.e.jetty.server.AbstractConnector] [] [] [] : Started SelectChannelConnector@0.0.0.0:5006
2017-11-17 11:59:34,442 INFO  [improbable.http.ServletContainer$] [] [] [] : Servlet container started
2017-11-17 11:59:34,443 INFO  [improbable.module.ModuleNode] [] [] [] : Starting BridgeOracle on master
2017-11-17 11:59:34,450 INFO  [improbable.module.ModuleNode] [] [] [] : Waiting for the BridgeOracle to have started
2017-11-17 11:59:34,577 INFO  [i.core.discovery.server.LocalServer] [] [] [] : Registered Service(improbable.fabric.internal.service.BridgeOracleInternalService) on 127.0.0.1:9013.
2017-11-17 11:59:35,093 INFO  [i.c.d.g.GlobalServiceDiscoveryImpl] [] [] [] : Global service discovery refreshed 15 server(s) (previously: 11)
2017-11-17 11:59:35,093 INFO  [improbable.module.ModuleNode] [] [] [] : Received BridgeOracle started
2017-11-17 11:59:35,099 INFO  [i.core.discovery.server.LocalServer] [] [] [] : Registered Service(improbable.fabric.internal.service.GlobalBrokerInternalService) on 127.0.0.1:9014.
2017-11-17 11:59:35,100 INFO  [improbable.module.ModuleNode] [] [] [] : Waiting for the BridgeModuleOracle to have started
2017-11-17 11:59:35,102 INFO  [i.c.a.e.ExtensibleActorReporter] [] [] [] : Started BridgeModuleOracleActor(Actor[akka://akkaFabric/user/BridgeModuleOracleModule#-1812710012]).
2017-11-17 11:59:35,110 INFO  [i.core.discovery.server.LocalServer] [] [] [] : Registered Service(improbable.fabric.internal.service.BridgeServiceOracleInternalService) on 127.0.0.1:9015.
2017-11-17 11:59:36,094 INFO  [i.c.d.g.GlobalServiceDiscoveryImpl] [] [] [] : Global service discovery refreshed 17 server(s) (previously: 15)
2017-11-17 11:59:36,094 INFO  [improbable.module.ModuleNode] [] [] [] : Received BridgeModuleOracle started
2017-11-17 11:59:36,097 INFO  [improbable.module.ModuleNode] [] [] [] : Starting gsim GSimModule
2017-11-17 11:59:36,101 INFO  [improbable.module.ModuleNode] [] [] [] : Waiting for 1 entity query service(s) to start.
2017-11-17 11:59:36,116 INFO  [i.core.discovery.server.LocalServer] [] [] [] : Registered Service(improbable.fabric.internal.service.LocalSnapshotInternalService) on 127.0.0.1:9016.
2017-11-17 11:59:36,132 INFO  [i.core.discovery.server.PublicServer] [] [] [] : Registered Service(improbable.fabric.internal.service.ScalingStatsInternalService) on 127.0.0.1:9017.
2017-11-17 11:59:36,137 INFO  [i.p.gsim.GSimPersistenceWriter] [] [] [] : Transitioning GSimPersistenceActor(0) from State [Idle] to [Idle].  Time Elapsed: 0 milliseconds
2017-11-17 11:59:36,155 INFO  [i.core.discovery.server.LocalServer] [] [] [] : Registered Service(improbable.fabric.internal.service.EntityQueryInternalService) on 127.0.0.1:9018.
2017-11-17 11:59:36,565 INFO  [i.bridge.oracle.scaling.WorkerScaler] [] [] [] : Skipping reconciliation because no WorkerRunner service is available. This message is expected at startup but should not persist through the deployment
2017-11-17 11:59:37,092 INFO  [i.c.d.g.GlobalServiceDiscoveryImpl] [] [] [] : Global service discovery refreshed 20 server(s) (previously: 17)
2017-11-17 11:59:37,092 INFO  [improbable.module.ModuleNode] [] [] [] : All 1 entity query service(s) have started.
2017-11-17 11:59:37,092 INFO  [improbable.module.ModuleNode] [] [] [] : Creating entity query client.
2017-11-17 11:59:37,101 INFO  [improbable.module.ModuleNode] [] [] [] : Entity query client created with directory: EntityQueryServiceDirectory{allServices=[EntityQueryInternalServiceInfo{address=host: "127.0.0.1"
port: 9018
, extent=Rectangle{minX=-750.0, minZ=-750.0, maxX=750.0, maxZ=750.0}, isLocal=true}], localServices=[EntityQueryInternalServiceInfo{address=host: "127.0.0.1"
port: 9018
, extent=Rectangle{minX=-750.0, minZ=-750.0, maxX=750.0, maxZ=750.0}, isLocal=true}], remoteServices=[]}
2017-11-17 11:59:37,106 INFO  [improbable.module.ModuleNode] [] [] [] : Waiting for 1 bridge service(s) to start.
2017-11-17 11:59:37,118 INFO  [i.c.a.e.ExtensibleActorReporter] [] [] [] : Started BridgeModuleActor(Actor[akka://akkaFabric/user/BridgeModule:d7d6f066-b692-4ead-97bd-b3899bb0afa8#490090879]).
2017-11-17 11:59:37,129 INFO  [i.core.discovery.server.LocalServer] [] [] [] : Registered Service(improbable.fabric.internal.service.BridgeInternalService) on 127.0.0.1:9019.
2017-11-17 11:59:37,130 INFO  [i.module.bridge.BridgeModuleActor] [] [] [] : Waiting for BridgeModuleOracle service to be available
2017-11-17 11:59:37,139 INFO  [i.module.bridge.BridgeModuleActor] [] [] [] : Registered(BridgeModuleEndpoint(d7d6f066-b692-4ead-97bd-b3899bb0afa8)) on BridgeModuleOracleService
2017-11-17 11:59:38,094 INFO  [i.c.d.g.GlobalServiceDiscoveryImpl] [] [] [] : Global service discovery refreshed 21 server(s) (previously: 20)
2017-11-17 11:59:38,094 INFO  [improbable.module.ModuleNode] [] [] [] : All 1 bridge service(s) have started.
2017-11-17 11:59:38,094 INFO  [improbable.module.ModuleNode] [] [] [] : Starting WorkerRunner service (EngineStartupModule)
2017-11-17 11:59:38,099 INFO  [improbable.worker.exec.WorkerStats] [] [] [] : Cannot read /proc/self/stat; worker stats reporting will not work.
2017-11-17 11:59:38,107 INFO  [i.core.discovery.server.PublicServer] [] [] [] : Registered Service(improbable.platform.inner.worker.WorkerRunner) on 127.0.0.1:9020.
2017-11-17 11:59:38,113 INFO  [i.core.discovery.server.LocalServer] [] [] [] : Registered Service(improbable.fabric.internal.service.ReceptionistInternalService) on 127.0.0.1:9021.
2017-11-17 11:59:38,118 INFO  [i.core.discovery.server.PublicServer] [] [] [] : Registered Service(improbable.platform.runtime.ReceptionistService) on 127.0.0.1:7777.
2017-11-17 11:59:38,119 INFO  [improbable.module.ModuleNode] [] [] [] : Starting InspectionRestModule
2017-11-17 11:59:38,121 INFO  [improbable.module.ModuleNode] [] [] [] : Starting ProfilingModule
2017-11-17 11:59:38,122 INFO  [i.c.d.client.CheckpointDiscoveryImpl] [] [] [] : Reached a checkpoint: ALL_MODULES_STARTED
2017-11-17 11:59:38,123 INFO  [improbable.module.ModuleNode] [] [] [] : All modules on this node started, waiting for other nodes to reach the same checkpoint.
2017-11-17 11:59:38,126 INFO  [i.c.a.e.ExtensibleActorReporter] [] [] [] : Started ProfilingModuleActor(Actor[akka://akkaFabric/user/ProfilingModule#799849442]).
2017-11-17 11:59:38,127 INFO  [i.core.discovery.server.LocalServer] [] [] [] : Registered Service(improbable.fabric.internal.debug.HeatmapCellCacheInternalService) on 127.0.0.1:9022.
2017-11-17 11:59:38,147 INFO  [i.core.discovery.server.PublicServer] [] [] [] : Registered Service(improbable.platform.runtime.InspectionService) on 127.0.0.1:9023.
2017-11-17 11:59:38,186 INFO  [i.c.a.e.ExtensibleActorReporter] [] [] [] : Started InspectionRestModuleActor(Actor[akka://akkaFabric/user/InspectionRestModule#-623259159]).
2017-11-17 11:59:38,503 INFO  [spray.can.server.HttpListener] [akka://akkaFabric/user/IO-HTTP/listener-0] [akkaFabric-akka.actor.default-dispatcher-26] [] : Bound to /0.0.0.0:5005
2017-11-17 11:59:38,566 INFO  [i.bridge.oracle.scaling.WorkerScaler] [] [] [] : Skipping reconciliation because no WorkerRunner service is available. This message is expected at startup but should not persist through the deployment
2017-11-17 11:59:39,092 INFO  [i.c.d.g.GlobalCheckpointDiscoveryImpl] [] [] [] : Global checkpoint discovery refreshed checkpoints.
2017-11-17 11:59:39,092 INFO  [improbable.module.ModuleNode] [] [] [] : All modules on all nodes have been started.
2017-11-17 11:59:39,093 INFO  [improbable.module.ModuleNode] [] [] [] : Loading a snapshot.
2017-11-17 11:59:39,093 INFO  [i.c.d.g.GlobalServiceDiscoveryImpl] [] [] [] : Global service discovery refreshed 26 server(s) (previously: 21)
2017-11-17 11:59:39,102 INFO  [i.p.g.GSimPersistenceLoadOrchestrator] [] [] [] : Loading snapshot on GSim(0).
2017-11-17 11:59:39,102 INFO  [i.p.s.storage.LegacySnapshotStorage] [] [] [] : Requesting download URL for Snapshot(local@latest) matching []
2017-11-17 11:59:39,107 INFO  [i.p.s.storage.LegacySnapshotStorage] [] [] [] : Downloading snapshot from http://127.0.0.1:21000/snapshots/20171117115922509
2017-11-17 11:59:39,110 INFO  [i.p.gsim.GSimPersistenceLoader] [] [] [] : Loading snapshot
2017-11-17 11:59:39,118 INFO  [i.p.g.GSimPersistenceLoadOrchestrator] [] [] [] : Loaded 2 entities on GSim(0).
2017-11-17 11:59:39,120 INFO  [i.p.c.PersistenceLoaderCoordinatorActor] [] [] [] : All Snapshots loaded.
2017-11-17 11:59:39,121 INFO  [improbable.module.ModuleNode] [] [] [] : Snapshot has been loaded.
2017-11-17 11:59:39,121 INFO  [improbable.module.ModuleNode] [] [] [] : Starting SnapshotService.
2017-11-17 11:59:39,130 INFO  [i.core.discovery.server.PublicServer] [] [] [] : Registered Service(improbable.platform.runtime.SnapshotService) on 127.0.0.1:9024.
2017-11-17 11:59:39,130 INFO  [i.c.d.client.CheckpointDiscoveryImpl] [] [] [] : Reached a checkpoint: LOAD_SNAPSHOT_FINISHED
2017-11-17 11:59:39,134 INFO  [improbable.module.ModuleNode] [] [] [] : SpatialOS runtime startup complete.
2017-11-17 11:59:39,168 INFO  [i.l.params.LoadbalancerParamsFactory] [] [] [] : LoadbalancerParams for worker type [UnityWorker]: [AutoHexGridLoadbalancerParams{energyLimitingEnabled=true, energyLimit=1.0E9, minWorkerRange=1500.0, maxWorkerRange=1500.0, maxWorkerStepSize=0.0, workerExpansionTimeMs=60000, workerGridSize=0, loadbalancerEnabled=false, hexGridMode=AUTO, scalerAdvisorType=CONSTANT, maxWorkers=1, initialWorkers=1, numEntitiesPerWorker=9223372036854775807, statusReportPeriodMs=30000, pointsOfInterestEnabled=false, hexGridSolution=AutoValue_HexGridSolution{workersUsed=1, hexagonEdgeLength=1500.0, hexagonOrientation=POINTY_TOP, bounds=Rectangle{minX=-750.0, minZ=-750.0, maxX=750.0, maxZ=750.0}}, pointsOfInterestSolution=Empty}]
2017-11-17 11:59:40,093 INFO  [i.c.d.g.GlobalCheckpointDiscoveryImpl] [] [] [] : Global checkpoint discovery refreshed checkpoints.
2017-11-17 11:59:40,093 INFO  [i.c.d.g.GlobalServiceDiscoveryImpl] [] [] [] : Global service discovery refreshed 27 server(s) (previously: 26)
2017-11-17 11:59:41,030 INFO  [i.b.o.m.BridgeOracleWorkerManager] [] [] [] : Trying to start managed worker UnityWorker0
2017-11-17 11:59:41,044 INFO  [i.bridge.oracle.scaling.WorkerScaler] [] [] [] : Starting 1 new managed workers for attribute_set {
  attribute: "physics"
}
 (required: 1, existing: 0)
2017-11-17 11:59:41,044 INFO  [i.worker.exec.WorkerStartupExecutor] [] [] [] : Awaiting internal receptionist service to register with service discovery
2017-11-17 11:59:41,046 INFO  [i.worker.exec.WorkerStartupExecutor] [] [] [] : Successfully found the internal receptionist service in service discovery
2017-11-17 11:59:41,050 INFO  [i.worker.exec.WorkerStartupExecutor] [] [] [] : Awaiting public receptionist service to register with service discovery
2017-11-17 11:59:41,050 INFO  [i.worker.exec.WorkerStartupExecutor] [] [] [] : Successfully found the public receptionist service in service discovery
2017-11-17 11:59:51,045 WARN  [i.worker.exec.RemoteWorkerRunner] [] [] [] : Unable to get status to the worker runner
java.util.concurrent.ExecutionException: io.grpc.StatusRuntimeException: DEADLINE_EXCEEDED
	at com.google.common.util.concurrent.AbstractFuture.getDoneValue(AbstractFuture.java:503) ~[fabric__runtime_deploy.jar:na]
	at com.google.common.util.concurrent.AbstractFuture.get(AbstractFuture.java:482) ~[fabric__runtime_deploy.jar:na]
	at improbable.worker.exec.RemoteWorkerRunner.updateStatus(RemoteWorkerRunner.java:137) ~[fabric__runtime_deploy.jar:na]
	at java.util.concurrent.Executors$RunnableAdapter.call(Executors.java:511) ~[na:1.8.0_144]
	at java.util.concurrent.FutureTask.run(FutureTask.java:266) ~[na:1.8.0_144]
	at java.util.concurrent.ScheduledThreadPoolExecutor$ScheduledFutureTask.access$201(ScheduledThreadPoolExecutor.java:180) ~[na:1.8.0_144]
	at java.util.concurrent.ScheduledThreadPoolExecutor$ScheduledFutureTask.run(ScheduledThreadPoolExecutor.java:293) ~[na:1.8.0_144]
	at java.util.concurrent.ThreadPoolExecutor.runWorker(ThreadPoolExecutor.java:1149) ~[na:1.8.0_144]
	at java.util.concurrent.ThreadPoolExecutor$Worker.run(ThreadPoolExecutor.java:624) ~[na:1.8.0_144]
	at java.lang.Thread.run(Thread.java:748) ~[na:1.8.0_144]
Caused by: io.grpc.StatusRuntimeException: DEADLINE_EXCEEDED
	at io.grpc.Status.asRuntimeException(Status.java:543) ~[fabric__runtime_deploy.jar:na]
	at io.grpc.stub.ClientCalls$UnaryStreamToFuture.onClose(ClientCalls.java:442) ~[fabric__runtime_deploy.jar:na]
	at io.grpc.ForwardingClientCallListener.onClose(ForwardingClientCallListener.java:56) ~[fabric__runtime_deploy.jar:na]
	at me.dinowernli.grpc.prometheus.MonitoringClientCallListener.onClose(MonitoringClientCallListener.java:50) ~[fabric__runtime_deploy.jar:na]
	at io.grpc.internal.ClientCallImpl.closeObserver(ClientCallImpl.java:426) ~[fabric__runtime_deploy.jar:na]
	at io.grpc.internal.ClientCallImpl.access$100(ClientCallImpl.java:76) ~[fabric__runtime_deploy.jar:na]
	at io.grpc.internal.ClientCallImpl$ClientStreamListenerImpl.close(ClientCallImpl.java:512) ~[fabric__runtime_deploy.jar:na]
	at io.grpc.internal.ClientCallImpl$ClientStreamListenerImpl.access$700(ClientCallImpl.java:429) ~[fabric__runtime_deploy.jar:na]
	at io.grpc.internal.ClientCallImpl$ClientStreamListenerImpl$1StreamClosed.runInContext(ClientCallImpl.java:544) ~[fabric__runtime_deploy.jar:na]
	at io.grpc.internal.ContextRunnable.run(ContextRunnable.java:52) ~[fabric__runtime_deploy.jar:na]
	at io.grpc.internal.SerializingExecutor.run(SerializingExecutor.java:117) ~[fabric__runtime_deploy.jar:na]
	... 3 common frames omitted
2017-11-17 11:59:56,047 WARN  [i.worker.exec.RemoteWorkerRunner] [] [] [] : Unable to get status to the worker runner
java.util.concurrent.ExecutionException: io.grpc.StatusRuntimeException: DEADLINE_EXCEEDED
	at com.google.common.util.concurrent.AbstractFuture.getDoneValue(AbstractFuture.java:503) ~[fabric__runtime_deploy.jar:na]
	at com.google.common.util.concurrent.AbstractFuture.get(AbstractFuture.java:482) ~[fabric__runtime_deploy.jar:na]
	at improbable.worker.exec.RemoteWorkerRunner.updateStatus(RemoteWorkerRunner.java:137) ~[fabric__runtime_deploy.jar:na]
	at java.util.concurrent.Executors$RunnableAdapter.call(Executors.java:511) ~[na:1.8.0_144]
	at java.util.concurrent.FutureTask.run(FutureTask.java:266) ~[na:1.8.0_144]
	at java.util.concurrent.ScheduledThreadPoolExecutor$ScheduledFutureTask.access$201(ScheduledThreadPoolExecutor.java:180) ~[na:1.8.0_144]
	at java.util.concurrent.ScheduledThreadPoolExecutor$ScheduledFutureTask.run(ScheduledThreadPoolExecutor.java:293) ~[na:1.8.0_144]
	at java.util.concurrent.ThreadPoolExecutor.runWorker(ThreadPoolExecutor.java:1149) ~[na:1.8.0_144]
	at java.util.concurrent.ThreadPoolExecutor$Worker.run(ThreadPoolExecutor.java:624) ~[na:1.8.0_144]
	at java.lang.Thread.run(Thread.java:748) ~[na:1.8.0_144]
Caused by: io.grpc.StatusRuntimeException: DEADLINE_EXCEEDED
	at io.grpc.Status.asRuntimeException(Status.java:543) ~[fabric__runtime_deploy.jar:na]
	at io.grpc.stub.ClientCalls$UnaryStreamToFuture.onClose(ClientCalls.java:442) ~[fabric__runtime_deploy.jar:na]
	at io.grpc.ForwardingClientCallListener.onClose(ForwardingClientCallListener.java:56) ~[fabric__runtime_deploy.jar:na]
	at me.dinowernli.grpc.prometheus.MonitoringClientCallListener.onClose(MonitoringClientCallListener.java:50) ~[fabric__runtime_deploy.jar:na]
	at io.grpc.internal.ClientCallImpl.closeObserver(ClientCallImpl.java:426) ~[fabric__runtime_deploy.jar:na]
	at io.grpc.internal.ClientCallImpl.access$100(ClientCallImpl.java:76) ~[fabric__runtime_deploy.jar:na]
	at io.grpc.internal.ClientCallImpl$ClientStreamListenerImpl.close(ClientCallImpl.java:512) ~[fabric__runtime_deploy.jar:na]
	at io.grpc.internal.ClientCallImpl$ClientStreamListenerImpl.access$700(ClientCallImpl.java:429) ~[fabric__runtime_deploy.jar:na]
	at io.grpc.internal.ClientCallImpl$ClientStreamListenerImpl$1StreamClosed.runInContext(ClientCallImpl.java:544) ~[fabric__runtime_deploy.jar:na]
	at io.grpc.internal.ContextRunnable.run(ContextRunnable.java:52) ~[fabric__runtime_deploy.jar:na]
	at io.grpc.internal.SerializingExecutor.run(SerializingExecutor.java:117) ~[fabric__runtime_deploy.jar:na]
	... 3 common frames omitted
2017-11-17 12:00:01,050 WARN  [i.worker.exec.RemoteWorkerRunner] [] [] [] : Unable to get status to the worker runner
java.util.concurrent.ExecutionException: io.grpc.StatusRuntimeException: DEADLINE_EXCEEDED
	at com.google.common.util.concurrent.AbstractFuture.getDoneValue(AbstractFuture.java:503) ~[fabric__runtime_deploy.jar:na]
	at com.google.common.util.concurrent.AbstractFuture.get(AbstractFuture.java:482) ~[fabric__runtime_deploy.jar:na]
	at improbable.worker.exec.RemoteWorkerRunner.updateStatus(RemoteWorkerRunner.java:137) ~[fabric__runtime_deploy.jar:na]
	at java.util.concurrent.Executors$RunnableAdapter.call(Executors.java:511) ~[na:1.8.0_144]
	at java.util.concurrent.FutureTask.run(FutureTask.java:266) ~[na:1.8.0_144]
	at java.util.concurrent.ScheduledThreadPoolExecutor$ScheduledFutureTask.access$201(ScheduledThreadPoolExecutor.java:180) ~[na:1.8.0_144]
	at java.util.concurrent.ScheduledThreadPoolExecutor$ScheduledFutureTask.run(ScheduledThreadPoolExecutor.java:293) ~[na:1.8.0_144]
	at java.util.concurrent.ThreadPoolExecutor.runWorker(ThreadPoolExecutor.java:1149) ~[na:1.8.0_144]
	at java.util.concurrent.ThreadPoolExecutor$Worker.run(ThreadPoolExecutor.java:624) ~[na:1.8.0_144]
	at java.lang.Thread.run(Thread.java:748) ~[na:1.8.0_144]
Caused by: io.grpc.StatusRuntimeException: DEADLINE_EXCEEDED
	at io.grpc.Status.asRuntimeException(Status.java:543) ~[fabric__runtime_deploy.jar:na]
	at io.grpc.stub.ClientCalls$UnaryStreamToFuture.onClose(ClientCalls.java:442) ~[fabric__runtime_deploy.jar:na]
	at io.grpc.ForwardingClientCallListener.onClose(ForwardingClientCallListener.java:56) ~[fabric__runtime_deploy.jar:na]
	at me.dinowernli.grpc.prometheus.MonitoringClientCallListener.onClose(MonitoringClientCallListener.java:50) ~[fabric__runtime_deploy.jar:na]
	at io.grpc.internal.ClientCallImpl.closeObserver(ClientCallImpl.java:426) ~[fabric__runtime_deploy.jar:na]
	at io.grpc.internal.ClientCallImpl.access$100(ClientCallImpl.java:76) ~[fabric__runtime_deploy.jar:na]
	at io.grpc.internal.ClientCallImpl$ClientStreamListenerImpl.close(ClientCallImpl.java:512) ~[fabric__runtime_deploy.jar:na]
	at io.grpc.internal.ClientCallImpl$ClientStreamListenerImpl.access$700(ClientCallImpl.java:429) ~[fabric__runtime_deploy.jar:na]
	at io.grpc.internal.ClientCallImpl$ClientStreamListenerImpl$1StreamClosed.runInContext(ClientCallImpl.java:544) ~[fabric__runtime_deploy.jar:na]
	at io.grpc.internal.ContextRunnable.run(ContextRunnable.java:52) ~[fabric__runtime_deploy.jar:na]
	at io.grpc.internal.SerializingExecutor.run(SerializingExecutor.java:117) ~[fabric__runtime_deploy.jar:na]
	... 3 common frames omitted
2017-11-17 12:00:03,454 INFO  [i.worker.exec.WorkerStartupExecutor] [] [] [] : Created log file for worker UnityWorker0, type (UnityWorker): [C:\Users\toma9\Desktop\Recipe Spawn Entities at Runtime\StarterProject-master\logs\2017-11-17_11-59-25_0\workers\UnityWorker\UnityWorker0-4986706889823016414.log]
2017-11-17 12:00:03,454 INFO  [i.worker.exec.CommandLineExecutor] [] [] [] : Running command: C:\Users\toma9\AppData\Local\Temp\zip-downloader8049059938083403286\57d38dd48776acfe29f21acf608c4770\UnityWorker@Windows.exe +projectName your_project_name_here +receptionistIp 127.0.0.1 +receptionistPort 7777 +workerType UnityWorker +workerId UnityWorker0 +useInternalIpForBridge true +infraServicesUrl http://127.0.0.1:21000 +assemblyName local_assembly +linkProtocol RakNet -logfile C:\Users\toma9\Desktop\Recipe Spawn Entities at Runtime\StarterProject-master\logs\2017-11-17_11-59-25_0\workers\UnityWorker\UnityWorker0-4986706889823016414.log -batchmode -nographics
2017-11-17 12:00:03,926 INFO  [i.b.s.BridgeServicePicker] [] [] [] : Attempting to get positionHint for UnityWorker0 via rpc
2017-11-17 12:00:03,931 INFO  [i.b.s.BridgeServicePicker] [] [] [] : Selected legacy_guid: "d7d6f066-b692-4ead-97bd-b3899bb0afa8"
address {
  host: "127.0.0.1"
  port: 9019
}
 with position  which is the nearest bridge service to position (0.0, 0.0, 0.0)
2017-11-17 12:00:03,935 INFO  [i.m.b.o.m.BridgeModuleOracleActor] [] [] [] : BridgeServicePicker returned module Optional[legacy_guid: "d7d6f066-b692-4ead-97bd-b3899bb0afa8"
address {
  host: "127.0.0.1"
  port: 9019
}
] with load Optional[BridgeModuleLoadBalanceInfo((0.0, 0.0, 0.0),0)].get().toString() for Engine(UnityWorker0)
2017-11-17 12:00:04,234 INFO  [i.b.i.BridgeInternalServiceImpl] [] [] [] : Bridge worker_id: "UnityWorker0"
 registered with bridge internal service
2017-11-17 12:00:04,239 INFO  [i.b.o.s.BridgeOracleInternalServiceImpl] [] [] [] : Got bridge started rpc from bridge: worker_id: "UnityWorker0"

2017-11-17 12:00:04,240 INFO  [i.b.o.s.BridgeOracleInternalServiceImpl] [] [] [] : The worker UnityWorker0 registered with SpatialOS successfully.
2017-11-17 12:00:04,240 INFO  [i.module.bridge.oracle.BridgeOracle] [] [] [] : Sending bridge started to self for bridge endpoint BridgeOracleEndpoint
2017-11-17 12:00:04,243 INFO  [i.module.bridge.oracle.BridgeOracle] [] [] [] : Bridge(UnityWorker0) started.
2017-11-17 12:00:04,246 INFO  [i.b.o.m.BridgeOracleWorkerManager] [] [] [] : Worker UnityWorker0 registered with the BridgeOracleWorker manager
2017-11-17 12:00:04,869 INFO  [i.b.n.raknet.GuardedRakPeerInterface] [] [] [] : New RakNet connection established with 127.0.0.1
2017-11-17 12:00:10,410 INFO  [i.b.s.BridgeServicePicker] [] [] [] : Attempting to get positionHint for UnityClient73ef8944-1946-4538-9e77-aafa2bf44da9 via rpc
2017-11-17 12:00:10,411 INFO  [i.b.s.BridgeServicePicker] [] [] [] : Starting UnityClient73ef8944-1946-4538-9e77-aafa2bf44da9 without a position hint, so using a random bridge service
2017-11-17 12:00:10,412 INFO  [i.m.b.o.m.BridgeModuleOracleActor] [] [] [] : BridgeServicePicker returned module Optional[legacy_guid: "d7d6f066-b692-4ead-97bd-b3899bb0afa8"
address {
  host: "127.0.0.1"
  port: 9019
}
] with load Optional[BridgeModuleLoadBalanceInfo((0.0, 0.0, 0.0),1)].get().toString() for Engine(UnityClient73ef8944-1946-4538-9e77-aafa2bf44da9)
2017-11-17 12:00:10,438 INFO  [i.l.params.LoadbalancerParamsFactory] [] [] [] : LoadbalancerParams for worker type [UnityClient]: [FlagzLoadbalancerParams{energyLimitingEnabled=true, energyLimit=1.0E9, minWorkerRange=Infinity, maxWorkerRange=Infinity, maxWorkerStepSize=50.0, workerExpansionTimeMs=60000, workerGridSize=5, loadbalancerEnabled=true, hexGridMode=OFF, scalerAdvisorType=ENTITY_COUNT, maxWorkers=25, initialWorkers=25, numEntitiesPerWorker=9223372036854775807, statusReportPeriodMs=2000, pointsOfInterestEnabled=false, hexGridSolution=Empty, pointsOfInterestSolution=Empty}]
2017-11-17 12:00:10,441 INFO  [i.b.i.BridgeInternalServiceImpl] [] [] [] : Bridge worker_id: "UnityClient73ef8944-1946-4538-9e77-aafa2bf44da9"
 registered with bridge internal service
2017-11-17 12:00:10,442 INFO  [i.b.o.s.BridgeOracleInternalServiceImpl] [] [] [] : Got bridge started rpc from bridge: worker_id: "UnityClient73ef8944-1946-4538-9e77-aafa2bf44da9"

2017-11-17 12:00:10,442 INFO  [i.b.o.s.BridgeOracleInternalServiceImpl] [] [] [] : The worker UnityClient73ef8944-1946-4538-9e77-aafa2bf44da9 registered with SpatialOS successfully.
2017-11-17 12:00:10,443 INFO  [i.module.bridge.oracle.BridgeOracle] [] [] [] : Sending bridge started to self for bridge endpoint BridgeOracleEndpoint
2017-11-17 12:00:10,443 INFO  [i.module.bridge.oracle.BridgeOracle] [] [] [] : Bridge(UnityClient73ef8944-1946-4538-9e77-aafa2bf44da9) started.
2017-11-17 12:00:11,041 INFO  [i.b.n.raknet.GuardedRakPeerInterface] [] [] [] : New RakNet connection established with 127.0.0.1
2017-11-17 12:01:10,662 INFO  [i.b.n.BridgeActorTransportLinkListener] [] [] [] : TransportLinkListener(UnityClient73ef8944-1946-4538-9e77-aafa2bf44da9) sending Disconnected to akka://akkaFabric/user/BridgeModule:d7d6f066-b692-4ead-97bd-b3899bb0afa8/BridgeActor-UnityClient73ef8944-1946-4538-9e77-aafa2bf44da9
2017-11-17 12:01:10,700 INFO  [i.b.n.raknet.reporter.RakNetReporter] [] [] [] : Tried to send to RakNet(UnityClient) on Port(7001)1 after closing. Payload: critical_section_boundary {
  in_critical_section: true
}
 (Logged every 1000 times)
2017-11-17 12:01:10,708 INFO  [i.b.n.raknet.reporter.RakNetReporter] [] [] [] : Tried to send to RakNet(UnityClient) on Port(7001)24 after closing. Payload: critical_section_boundary {
  in_critical_section: false
}
 (Logged every 1000 times)
2017-11-17 12:01:10,713 INFO  [i.b.n.raknet.reporter.RakNetReporter] [] [] [] : Tried to send to RakNet(UnityClient) on Port(7001)16 after closing. Payload: critical_section_boundary {
  in_critical_section: false
}
 (Logged every 1000 times)
2017-11-17 12:01:10,717 INFO  [i.b.n.raknet.reporter.RakNetReporter] [] [] [] : Tried to send to RakNet(UnityClient) on Port(7001)8 after closing. Payload: critical_section_boundary {
  in_critical_section: false
}
 (Logged every 1000 times)
2017-11-17 12:01:10,724 INFO  [i.b.i.BridgeInternalServiceImpl] [] [] [] : Bridge worker_id: "UnityClient73ef8944-1946-4538-9e77-aafa2bf44da9"
 unregistered with bridge internal service
2017-11-17 12:01:10,725 INFO  [improbable.bridge.BridgeActor] [] [] [] : Bridge(UnityClient73ef8944-1946-4538-9e77-aafa2bf44da9) on BridgeModuleEndpoint(d7d6f066-b692-4ead-97bd-b3899bb0afa8) stopped.
2017-11-17 12:01:10,725 INFO  [i.module.bridge.oracle.BridgeOracle] [] [] [] : Sending bridge stopped to self for bridge endpoint BridgeEndpoint(UnityClient73ef8944-1946-4538-9e77-aafa2bf44da9)
2017-11-17 12:01:10,726 INFO  [i.module.bridge.oracle.BridgeOracle] [] [] [] : Bridge(UnityClient73ef8944-1946-4538-9e77-aafa2bf44da9) stopped.
2017-11-17 12:01:11,443 INFO  [akka.actor.DeadLetterActorRef] [akka://akkaFabric/deadLetters] [akkaFabric-akka.actor.default-dispatcher-3] [] : Message [improbable.bridge.message.BridgeViewStatusRequest] from Actor[akka://akkaFabric/deadLetters] to Actor[akka://akkaFabric/deadLetters] was not delivered. [1] dead letters encountered. This logging can be turned off or adjusted with configuration settings 'akka.log-dead-letters' and 'akka.log-dead-letters-during-shutdown'.
2017-11-17 12:01:12,442 INFO  [akka.actor.DeadLetterActorRef] [akka://akkaFabric/deadLetters] [akkaFabric-akka.actor.default-dispatcher-3] [] : Message [improbable.bridge.message.BridgeViewStatusRequest] from Actor[akka://akkaFabric/deadLetters] to Actor[akka://akkaFabric/deadLetters] was not delivered. [2] dead letters encountered. This logging can be turned off or adjusted with configuration settings 'akka.log-dead-letters' and 'akka.log-dead-letters-during-shutdown'.
2017-11-17 12:01:13,441 INFO  [akka.actor.DeadLetterActorRef] [akka://akkaFabric/deadLetters] [akkaFabric-akka.actor.default-dispatcher-3] [] : Message [improbable.bridge.message.BridgeViewStatusRequest] from Actor[akka://akkaFabric/deadLetters] to Actor[akka://akkaFabric/deadLetters] was not delivered. [3] dead letters encountered. This logging can be turned off or adjusted with configuration settings 'akka.log-dead-letters' and 'akka.log-dead-letters-during-shutdown'.
2017-11-17 12:01:14,095 ERROR [io.grpc.netty.NettyServerTransport] [] [] [] : Transport failed
java.io.IOException: Connessione in corso interrotta forzatamente dall'host remoto
	at sun.nio.ch.SocketDispatcher.read0(Native Method) ~[na:1.8.0_144]
	at sun.nio.ch.SocketDispatcher.read(SocketDispatcher.java:43) ~[na:1.8.0_144]
	at sun.nio.ch.IOUtil.readIntoNativeBuffer(IOUtil.java:223) ~[na:1.8.0_144]
	at sun.nio.ch.IOUtil.read(IOUtil.java:192) ~[na:1.8.0_144]
	at sun.nio.ch.SocketChannelImpl.read(SocketChannelImpl.java:380) ~[na:1.8.0_144]
	at io.netty.buffer.PooledUnsafeDirectByteBuf.setBytes(PooledUnsafeDirectByteBuf.java:288) ~[fabric__runtime_deploy.jar:na]
	at io.netty.buffer.AbstractByteBuf.writeBytes(AbstractByteBuf.java:1100) ~[fabric__runtime_deploy.jar:na]
	at io.netty.channel.socket.nio.NioSocketChannel.doReadBytes(NioSocketChannel.java:372) ~[fabric__runtime_deploy.jar:na]
	at io.netty.channel.nio.AbstractNioByteChannel$NioByteUnsafe.read(AbstractNioByteChannel.java:123) ~[fabric__runtime_deploy.jar:na]
	at io.netty.channel.nio.NioEventLoop.processSelectedKey(NioEventLoop.java:644) [fabric__runtime_deploy.jar:na]
	at io.netty.channel.nio.NioEventLoop.processSelectedKeysOptimized(NioEventLoop.java:579) [fabric__runtime_deploy.jar:na]
	at io.netty.channel.nio.NioEventLoop.processSelectedKeys(NioEventLoop.java:496) [fabric__runtime_deploy.jar:na]
	at io.netty.channel.nio.NioEventLoop.run(NioEventLoop.java:458) [fabric__runtime_deploy.jar:na]
	at io.netty.util.concurrent.SingleThreadEventExecutor$5.run(SingleThreadEventExecutor.java:858) [fabric__runtime_deploy.jar:na]
	at io.netty.util.concurrent.DefaultThreadFactory$DefaultRunnableDecorator.run(DefaultThreadFactory.java:138) [fabric__runtime_deploy.jar:na]
	at java.lang.Thread.run(Thread.java:748) [na:1.8.0_144]
2017-11-17 12:01:14,095 ERROR [io.grpc.netty.NettyServerTransport] [] [] [] : Transport failed
java.io.IOException: Connessione in corso interrotta forzatamente dall'host remoto
	at sun.nio.ch.SocketDispatcher.read0(Native Method) ~[na:1.8.0_144]
	at sun.nio.ch.SocketDispatcher.read(SocketDispatcher.java:43) ~[na:1.8.0_144]
	at sun.nio.ch.IOUtil.readIntoNativeBuffer(IOUtil.java:223) ~[na:1.8.0_144]
	at sun.nio.ch.IOUtil.read(IOUtil.java:192) ~[na:1.8.0_144]
	at sun.nio.ch.SocketChannelImpl.read(SocketChannelImpl.java:380) ~[na:1.8.0_144]
	at io.netty.buffer.PooledUnsafeDirectByteBuf.setBytes(PooledUnsafeDirectByteBuf.java:288) ~[fabric__runtime_deploy.jar:na]
	at io.netty.buffer.AbstractByteBuf.writeBytes(AbstractByteBuf.java:1100) ~[fabric__runtime_deploy.jar:na]
	at io.netty.channel.socket.nio.NioSocketChannel.doReadBytes(NioSocketChannel.java:372) ~[fabric__runtime_deploy.jar:na]
	at io.netty.channel.nio.AbstractNioByteChannel$NioByteUnsafe.read(AbstractNioByteChannel.java:123) ~[fabric__runtime_deploy.jar:na]
	at io.netty.channel.nio.NioEventLoop.processSelectedKey(NioEventLoop.java:644) [fabric__runtime_deploy.jar:na]
	at io.netty.channel.nio.NioEventLoop.processSelectedKeysOptimized(NioEventLoop.java:579) [fabric__runtime_deploy.jar:na]
	at io.netty.channel.nio.NioEventLoop.processSelectedKeys(NioEventLoop.java:496) [fabric__runtime_deploy.jar:na]
	at io.netty.channel.nio.NioEventLoop.run(NioEventLoop.java:458) [fabric__runtime_deploy.jar:na]
	at io.netty.util.concurrent.SingleThreadEventExecutor$5.run(SingleThreadEventExecutor.java:858) [fabric__runtime_deploy.jar:na]
	at io.netty.util.concurrent.DefaultThreadFactory$DefaultRunnableDecorator.run(DefaultThreadFactory.java:138) [fabric__runtime_deploy.jar:na]
	at java.lang.Thread.run(Thread.java:748) [na:1.8.0_144]
